


materialPath: C:\Program Files (x86)\Steam\steamapps\common\Source SDK Base 2013 Multiplayer\hl2\materials
Loading c:\program files (x86)\steam\steamapps\common\garrysmod\garrysmod\construct2_source\june 10th 2021 - post opt2\gm_construct2_fixed.vmf
ConVarRef mat_reduceparticles doesn't point to an existing ConVar
Could not locate 'GameData' key in c:\program files (x86)\steam\steamapps\common\source sdk base 2013 multiplayer\hl2\gameinfo.txt
Patching WVT material: maps/gm_construct2_fixed/nature/blendrockgrass004a_wvt_patch
fixing up env_cubemap materials on brush sides...
0...1...2...3...4...5...6...7...8...9...100...1...2...3...4...5...6...7...8...9...10Processing areas...done (0)
Building Faces...done (0)
Chop Details...done (0)
Find Visible Detail Sides...done (0)
Merging details...done (0)
FixTjuncs...
PruneNodes...
WriteBSP...
done (0)
writing c:\program files (x86)\steam\steamapps\common\garrysmod\garrysmod\construct2_source\june 10th 2021 - post opt2\gm_construct2_fixed.prt...Building visibility clusters...
done (0)
No such variable "$basetexture" for material "skybox/paintedrt"
Can't load skybox file skybox/painted to build the default cubemap!
No such variable "$basetexture" for material "skybox/paintedrt"
Can't load skybox file skybox/painted to build the default cubemap!
Finding displacement neighbors...
Finding lightmap sample positions...
Displacement Alpha : 0...1...2...3...4...5...6...7...8...9...10
Building Physics collision data...
done (1) (211974 bytes)
Placing detail props : 0...1...2...3...4...5...6...7...8...9...10
Compacting texture/material tables...
Reduced 637 texinfos to 443
Reduced 82 texdatas to 70 (4197 bytes to 3751)
Writing c:\program files (x86)\steam\steamapps\common\garrysmod\garrysmod\construct2_source\june 10th 2021 - post opt2\gm_construct2_fixed.bsp
1 second elapsed



12 threads
reading c:\program files (x86)\steam\steamapps\common\garrysmod\garrysmod\construct2_source\june 10th 2021 - post opt2\gm_construct2_fixed.bsp
reading c:\program files (x86)\steam\steamapps\common\garrysmod\garrysmod\construct2_source\june 10th 2021 - post opt2\gm_construct2_fixed.prt
 711 portalclusters
2111 numportals
0...1...2...3...4...5...6...7...8...9...10Optimized: 6745 visible clusters (1.44%)
Total clusters visible: 467684
Average clusters visible: 657
Building PAS...
Average clusters audible: 708
visdatasize:131442  compressed from 136512
writing c:\program files (x86)\steam\steamapps\common\garrysmod\garrysmod\construct2_source\june 10th 2021 - post opt2\gm_construct2_fixed.bsp
0 seconds elapsed



Could not find lights.rad in lights.rad.
Trying VRAD BIN directory instead...
Warning: Couldn't open texlight file C:\Program Files (x86)\Steam\steamapps\common\GarrysMod\bin\lights.rad.
Loading c:\program files (x86)\steam\steamapps\common\garrysmod\garrysmod\construct2_source\june 10th 2021 - post opt2\gm_construct2_fixed.bsp
PREP OK
4726 faces
3067548 square feet [441726944.00 square inches]
16 Displacements
341887 Square Feet [49231844.00 Square Inches]
4726 patches before subdivision
294862 patches after subdivision
24 direct lights
0...1...2...3...4...5...6...7...8...9...100...1...2...3...4...5...6...7...8...9...10transfers 90463734, max 1398
transfer lists: 690.2 megs
0...1...2...3...4...5...6...7...8...9...10	Bounce #1 added RGB(2183085, 1860163, 1125706)
0...1...2...3...4...5...6...7...8...9...10	Bounce #2 added RGB(822291, 667565, 387833)
Build Patch/Sample Hash Table(s).....Done<0.0736 sec>
0...1...2...3...4...5...6...7...8...9...10FinalLightFace Done
0 of 0 (0% of) surface lights went in leaf ambient cubes.
0...1...2...3...4...5...6...7...8...9...10Writing leaf ambient...done
Ready to Finish

Object names       Objects/Maxobjs  Memory / Maxmem  Fullness 
------------       ---------------  ---------------  -------- 
models                   3/4096          144/196608   ( 0.1%) 
brushes                607/16384        7284/196608   ( 3.7%) 
brushsides            4028/163840      32224/1310720  ( 2.5%) 
planes                1540/65536       30800/1310720  ( 2.3%) 
vertexes              6845/65536       82140/786432   (10.4%) 
nodes                 1632/65536       52224/2097152  ( 2.5%) 
texinfos               443/12288       31896/884736   ( 3.6%) 
texdata                 70/2048         2240/65536    ( 3.4%) 
dispinfos               16/0            2816/0        ( 0.0%) 
disp_verts            1296/0           25920/0        ( 0.0%) 
disp_tris             2048/0            4096/0        ( 0.0%) 
disp_lmsamples      148312/0          148312/0        ( 0.0%) 
faces                 4726/65536      264656/3670016  ( 7.2%) 
hdr faces                0/65536           0/3670016  ( 0.0%) 
origfaces             1092/65536       61152/3670016  ( 1.7%) 
leaves                1636/65536       52352/2097152  ( 2.5%) 
leaffaces             5292/65536       10584/131072   ( 8.1%) 
leafbrushes           1955/65536        3910/131072   ( 3.0%) 
areas                    3/1024           24/8192     ( 0.3%) 
surfedges            25846/512000     103384/2048000  ( 5.0%) 
edges                14152/256000      56608/1024000  ( 5.5%) 
LDR worldlights         23/8192         2024/720896   ( 0.3%) 
HDR worldlights          0/8192            0/720896   ( 0.0%) 
leafwaterdata            1/32768          12/393216   ( 0.0%) 
waterstrips            308/32768        3080/327680   ( 0.9%) 
waterverts               0/65536           0/786432   ( 0.0%) 
waterindices          4653/65536        9306/131072   ( 7.1%) 
cubemapsamples          89/1024         1424/16384    ( 8.7%) 
overlays                 0/1024            0/360448   ( 0.0%) 
LDR lightdata         [variable]    25619224/0        ( 0.0%) 
HDR lightdata         [variable]           0/0        ( 0.0%) 
visdata               [variable]      131442/16777216 ( 0.8%) 
entdata               [variable]        8284/393216   ( 2.1%) 
LDR ambient table     1636/65536        6544/262144   ( 2.5%) 
HDR ambient table     1636/65536        6544/262144   ( 2.5%) 
LDR leaf ambient      8529/65536      238812/1835008  (13.0%) 
HDR leaf ambient      1636/65536       45808/1835008  ( 2.5%) 
occluders                0/0               0/0        ( 0.0%) 
occluder polygons        0/0               0/0        ( 0.0%) 
occluder vert ind        0/0               0/0        ( 0.0%) 
detail props          [variable]           1/12       ( 8.3%) 
static props          [variable]           1/5648     ( 0.0%) 
pakfile               [variable]       21618/0        ( 0.0%) 
physics               [variable]      211974/4194304  ( 5.1%) 
physics terrain       [variable]        4952/1048576  ( 0.5%) 

Level flags = 0

Total triangle count: 12040
Writing c:\program files (x86)\steam\steamapps\common\garrysmod\garrysmod\construct2_source\june 10th 2021 - post opt2\gm_construct2_fixed.bsp
23 seconds elapsed
